{
  "RSpec": {
    "coverage": {
      "/Users/mackenziehalliday/turing/3module/projects/rales_engine/app/models/customer.rb": [
        1,
        1,
        null,
        null,
        null,
        1,
        null
      ],
      "/Users/mackenziehalliday/turing/3module/projects/rales_engine/app/models/application_record.rb": [
        1,
        1,
        null
      ],
      "/Users/mackenziehalliday/turing/3module/projects/rales_engine/app/models/invoice_item.rb": [
        1,
        1,
        null,
        null,
        null,
        1,
        1,
        1,
        null
      ],
      "/Users/mackenziehalliday/turing/3module/projects/rales_engine/app/models/invoice.rb": [
        1,
        1,
        null,
        null,
        1,
        1,
        1,
        1,
        1,
        null
      ],
      "/Users/mackenziehalliday/turing/3module/projects/rales_engine/app/models/item.rb": [
        1,
        1,
        null,
        null,
        null,
        null,
        1,
        1,
        null
      ],
      "/Users/mackenziehalliday/turing/3module/projects/rales_engine/app/models/merchant.rb": [
        1,
        1,
        null,
        null,
        1,
        1,
        1,
        null,
        null
      ],
      "/Users/mackenziehalliday/turing/3module/projects/rales_engine/app/models/transaction.rb": [
        1,
        1,
        null,
        null,
        null,
        null,
        1,
        null
      ],
      "/Users/mackenziehalliday/turing/3module/projects/rales_engine/app/controllers/api/v1/merchants/revenue_controller.rb": [
        1,
        1,
        null,
        2,
        2,
        null,
        null,
        null,
        null,
        null,
        2,
        null,
        null
      ],
      "/Users/mackenziehalliday/turing/3module/projects/rales_engine/app/controllers/application_controller.rb": [
        1,
        null
      ],
      "/Users/mackenziehalliday/turing/3module/projects/rales_engine/app/serializers/merchant_serializer.rb": [
        1,
        1,
        1,
        null,
        null
      ],
      "/Users/mackenziehalliday/turing/3module/projects/rales_engine/app/controllers/api/v1/customers_controller.rb": [
        1,
        1,
        1,
        null,
        null,
        1,
        1,
        null,
        null
      ],
      "/Users/mackenziehalliday/turing/3module/projects/rales_engine/app/serializers/customer_serializer.rb": [
        1,
        1,
        1,
        null,
        null,
        null
      ],
      "/Users/mackenziehalliday/turing/3module/projects/rales_engine/app/controllers/api/v1/customers/search_controller.rb": [
        1,
        null,
        1,
        4,
        null,
        null,
        1,
        5,
        null,
        null,
        1,
        1,
        9,
        null,
        null
      ],
      "/Users/mackenziehalliday/turing/3module/projects/rales_engine/app/controllers/api/v1/customers/random_controller.rb": [
        1,
        1,
        1,
        null,
        null
      ],
      "/Users/mackenziehalliday/turing/3module/projects/rales_engine/app/controllers/api/v1/invoice_items_controller.rb": [
        1,
        1,
        1,
        null,
        null,
        1,
        1,
        null,
        null
      ],
      "/Users/mackenziehalliday/turing/3module/projects/rales_engine/app/serializers/invoice_item_serializer.rb": [
        1,
        1,
        1,
        null,
        null,
        null,
        null,
        null,
        1,
        37,
        null,
        null
      ],
      "/Users/mackenziehalliday/turing/3module/projects/rales_engine/app/controllers/api/v1/invoice_items/search_controller.rb": [
        1,
        null,
        1,
        5,
        null,
        null,
        1,
        7,
        null,
        null,
        1,
        1,
        12,
        null,
        null,
        2,
        null,
        null,
        11,
        null,
        null,
        null
      ],
      "/Users/mackenziehalliday/turing/3module/projects/rales_engine/app/controllers/api/v1/invoice_items/random_controller.rb": [
        1,
        1,
        1,
        null,
        null
      ],
      "/Users/mackenziehalliday/turing/3module/projects/rales_engine/app/controllers/api/v1/invoices_controller.rb": [
        1,
        1,
        1,
        null,
        null,
        1,
        1,
        null,
        null
      ],
      "/Users/mackenziehalliday/turing/3module/projects/rales_engine/app/serializers/invoice_serializer.rb": [
        1,
        1,
        1,
        null,
        null,
        null,
        null,
        null
      ],
      "/Users/mackenziehalliday/turing/3module/projects/rales_engine/app/controllers/api/v1/invoices/search_controller.rb": [
        1,
        null,
        1,
        5,
        null,
        null,
        1,
        6,
        null,
        null,
        1,
        1,
        11,
        null,
        null
      ],
      "/Users/mackenziehalliday/turing/3module/projects/rales_engine/app/controllers/api/v1/invoices/random_controller.rb": [
        1,
        1,
        1,
        null,
        null
      ],
      "/Users/mackenziehalliday/turing/3module/projects/rales_engine/app/controllers/api/v1/items_controller.rb": [
        1,
        1,
        1,
        null,
        null,
        1,
        1,
        null,
        null
      ],
      "/Users/mackenziehalliday/turing/3module/projects/rales_engine/app/serializers/item_serializer.rb": [
        1,
        1,
        1,
        null,
        null,
        null,
        null,
        null,
        1,
        31,
        null,
        null
      ],
      "/Users/mackenziehalliday/turing/3module/projects/rales_engine/app/controllers/api/v1/items/search_controller.rb": [
        1,
        null,
        1,
        6,
        null,
        null,
        1,
        7,
        null,
        null,
        1,
        1,
        13,
        null,
        null,
        4,
        null,
        null,
        11,
        null,
        null,
        null
      ],
      "/Users/mackenziehalliday/turing/3module/projects/rales_engine/app/controllers/api/v1/items/random_controller.rb": [
        1,
        1,
        1,
        null,
        null
      ],
      "/Users/mackenziehalliday/turing/3module/projects/rales_engine/app/controllers/api/v1/merchants_controller.rb": [
        1,
        1,
        1,
        null,
        null,
        1,
        1,
        null,
        null
      ],
      "/Users/mackenziehalliday/turing/3module/projects/rales_engine/app/controllers/api/v1/merchants/search_controller.rb": [
        1,
        null,
        1,
        3,
        null,
        null,
        1,
        4,
        null,
        null,
        1,
        1,
        7,
        null,
        null
      ],
      "/Users/mackenziehalliday/turing/3module/projects/rales_engine/app/controllers/api/v1/merchants/random_controller.rb": [
        1,
        1,
        1,
        null,
        null
      ],
      "/Users/mackenziehalliday/turing/3module/projects/rales_engine/app/controllers/api/v1/transactions_controller.rb": [
        1,
        1,
        1,
        null,
        null,
        1,
        1,
        null,
        null
      ],
      "/Users/mackenziehalliday/turing/3module/projects/rales_engine/app/serializers/transaction_serializer.rb": [
        1,
        1,
        1,
        null,
        null,
        null,
        null
      ],
      "/Users/mackenziehalliday/turing/3module/projects/rales_engine/app/controllers/api/v1/transactions/search_controller.rb": [
        1,
        null,
        1,
        4,
        null,
        null,
        1,
        6,
        null,
        null,
        1,
        1,
        10,
        null,
        null
      ],
      "/Users/mackenziehalliday/turing/3module/projects/rales_engine/app/controllers/api/v1/transactions/random_controller.rb": [
        1,
        1,
        1,
        null,
        null
      ],
      "/Users/mackenziehalliday/turing/3module/projects/rales_engine/app/controllers/api/v1/invoice_items/invoices_controller.rb": [
        1,
        1,
        1,
        1,
        null,
        null
      ],
      "/Users/mackenziehalliday/turing/3module/projects/rales_engine/app/controllers/api/v1/invoice_items/items_controller.rb": [
        1,
        1,
        1,
        1,
        null,
        null
      ],
      "/Users/mackenziehalliday/turing/3module/projects/rales_engine/app/controllers/api/v1/invoices/transactions_controller.rb": [
        1,
        1,
        1,
        null,
        1,
        null,
        null
      ],
      "/Users/mackenziehalliday/turing/3module/projects/rales_engine/app/controllers/api/v1/invoices/invoice_items_controller.rb": [
        1,
        1,
        1,
        1,
        null,
        null
      ],
      "/Users/mackenziehalliday/turing/3module/projects/rales_engine/app/controllers/api/v1/invoices/items_controller.rb": [
        1,
        1,
        1,
        1,
        null,
        null
      ],
      "/Users/mackenziehalliday/turing/3module/projects/rales_engine/app/controllers/api/v1/invoices/customers_controller.rb": [
        1,
        1,
        1,
        1,
        null,
        null
      ],
      "/Users/mackenziehalliday/turing/3module/projects/rales_engine/app/controllers/api/v1/invoices/merchants_controller.rb": [
        1,
        1,
        1,
        1,
        null,
        null
      ],
      "/Users/mackenziehalliday/turing/3module/projects/rales_engine/app/controllers/api/v1/items/invoice_items_controller.rb": [
        1,
        1,
        1,
        1,
        null,
        null
      ],
      "/Users/mackenziehalliday/turing/3module/projects/rales_engine/app/controllers/api/v1/items/merchants_controller.rb": [
        1,
        1,
        1,
        1,
        null,
        null
      ],
      "/Users/mackenziehalliday/turing/3module/projects/rales_engine/app/controllers/api/v1/merchants/items_controller.rb": [
        1,
        1,
        1,
        1,
        null,
        null
      ],
      "/Users/mackenziehalliday/turing/3module/projects/rales_engine/app/controllers/api/v1/merchants/invoices_controller.rb": [
        1,
        1,
        1,
        1,
        null,
        null
      ],
      "/Users/mackenziehalliday/turing/3module/projects/rales_engine/app/controllers/api/v1/transactions/invoices_controller.rb": [
        1,
        1,
        1,
        1,
        null,
        null
      ],
      "/Users/mackenziehalliday/turing/3module/projects/rales_engine/app/mailers/application_mailer.rb": [
        0,
        0,
        0,
        0
      ],
      "/Users/mackenziehalliday/turing/3module/projects/rales_engine/app/jobs/application_job.rb": [
        0,
        0
      ],
      "/Users/mackenziehalliday/turing/3module/projects/rales_engine/app/channels/application_cable/connection.rb": [
        0,
        0,
        0,
        0
      ]
    },
    "timestamp": 1570423145
  }
}
